Run python -m pip install --upgrade pip
  python -m pip install --upgrade pip
  pip install -r requirements.txt
  pip install playwright
  playwright install chromium
  shell: /usr/bin/bash -e {0}
  env:
    AWS_REGION: ap-northeast-1
    PYTHONPATH: /home/runner/work/priceComparisonAppForIphone/priceComparisonAppForIphone
    PYTHONUNBUFFERED: 1
    pythonLocation: /opt/hostedtoolcache/Python/3.13.3/x64
    PKG_CONFIG_PATH: /opt/hostedtoolcache/Python/3.13.3/x64/lib/pkgconfig
    Python_ROOT_DIR: /opt/hostedtoolcache/Python/3.13.3/x64
    Python2_ROOT_DIR: /opt/hostedtoolcache/Python/3.13.3/x64
    Python3_ROOT_DIR: /opt/hostedtoolcache/Python/3.13.3/x64
    LD_LIBRARY_PATH: /opt/hostedtoolcache/Python/3.13.3/x64/lib
Requirement already satisfied: pip in /opt/hostedtoolcache/Python/3.13.3/x64/lib/python3.13/site-packages (25.1.1)
Collecting boto3==1.38.30 (from -r requirements.txt (line 2))
  Downloading boto3-1.38.30-py3-none-any.whl.metadata (6.6 kB)
Collecting requests==2.32.3 (from -r requirements.txt (line 3))
  Downloading requests-2.32.3-py3-none-any.whl.metadata (4.6 kB)
Collecting line-bot-sdk==3.17.1 (from -r requirements.txt (line 4))
  Using cached line_bot_sdk-3.17.1-py2.py3-none-any.whl.metadata (13 kB)
Collecting playwright==1.52.0 (from -r requirements.txt (line 5))
  Using cached playwright-1.52.0-py3-none-manylinux1_x86_64.whl.metadata (3.5 kB)
Collecting pytest==8.4.0 (from -r requirements.txt (line 6))
  Downloading pytest-8.4.0-py3-none-any.whl.metadata (7.7 kB)
Collecting pytest-asyncio==0.26.0 (from -r requirements.txt (line 7))
  Using cached pytest_asyncio-0.26.0-py3-none-any.whl.metadata (4.0 kB)
Collecting pytest-cov==6.1.1 (from -r requirements.txt (line 8))
  Using cached pytest_cov-6.1.1-py3-none-any.whl.metadata (28 kB)
Collecting python-dotenv==1.1.0 (from -r requirements.txt (line 9))
  Using cached python_dotenv-1.1.0-py3-none-any.whl.metadata (24 kB)
Collecting PyYAML==6.0.2 (from -r requirements.txt (line 10))
  Downloading PyYAML-6.0.2-cp313-cp313-manylinux_2_17_x86_64.manylinux2014_x86_64.whl.metadata (2.1 kB)
Collecting aiohttp==3.12.9 (from -r requirements.txt (line 11))
  Downloading aiohttp-3.12.9-cp313-cp313-manylinux_2_17_x86_64.manylinux2014_x86_64.whl.metadata (7.6 kB)
Collecting tenacity==8.5.0 (from -r requirements.txt (line 12))
  Downloading tenacity-8.5.0-py3-none-any.whl.metadata (1.2 kB)
Collecting beautifulsoup4==4.13.4 (from -r requirements.txt (line 13))
  Using cached beautifulsoup4-4.13.4-py3-none-any.whl.metadata (3.8 kB)
Collecting lxml==5.4.0 (from -r requirements.txt (line 14))
  Downloading lxml-5.4.0-cp313-cp313-manylinux_2_28_x86_64.whl.metadata (3.5 kB)
Collecting Flask==3.1.1 (from -r requirements.txt (line 15))
  Downloading flask-3.1.1-py3-none-any.whl.metadata (3.0 kB)
Collecting Werkzeug==3.0.1 (from -r requirements.txt (line 16))
  Downloading werkzeug-3.0.1-py3-none-any.whl.metadata (4.1 kB)
Collecting Jinja2==3.1.3 (from -r requirements.txt (line 17))
  Downloading Jinja2-3.1.3-py3-none-any.whl.metadata (3.3 kB)
ERROR: Could not find a version that satisfies the requirement MarkupSafe==2.1.5 (from versions: 3.0.0, 3.0.1, 3.0.2)
ERROR: No matching distribution found for MarkupSafe==2.1.5
Error: Process completed with exit code 1.